0 info it worked if it ends with ok
1 verbose cli [ 'C:\\Program Files (x86)\\nodejs\\\\node.exe',
1 verbose cli   'C:\\Program Files (x86)\\nodejs\\node_modules\\npm\\bin\\npm-cli.js',
1 verbose cli   'install',
1 verbose cli   'jw-simple' ]
2 info using npm@1.4.28
3 info using node@v0.10.32
4 verbose node symlink C:\Program Files (x86)\nodejs\\node.exe
5 verbose readDependencies using package.json deps
6 verbose cache add [ 'jw-simple', null ]
7 verbose cache add name=undefined spec="jw-simple" args=["jw-simple",null]
8 verbose parsed url { protocol: null,
8 verbose parsed url   slashes: null,
8 verbose parsed url   auth: null,
8 verbose parsed url   host: null,
8 verbose parsed url   port: null,
8 verbose parsed url   hostname: null,
8 verbose parsed url   hash: null,
8 verbose parsed url   search: null,
8 verbose parsed url   query: null,
8 verbose parsed url   pathname: 'jw-simple',
8 verbose parsed url   path: 'jw-simple',
8 verbose parsed url   href: 'jw-simple' }
9 silly lockFile 518f2e1f-jw-simple jw-simple
10 verbose lock jw-simple C:\Users\Nan\AppData\Roaming\npm-cache\518f2e1f-jw-simple.lock
11 silly lockFile 518f2e1f-jw-simple jw-simple
12 silly lockFile 518f2e1f-jw-simple jw-simple
13 verbose addNamed [ 'jw-simple', '' ]
14 verbose addNamed [ null, '*' ]
15 silly lockFile dde74ad3-jw-simple jw-simple@
16 verbose lock jw-simple@ C:\Users\Nan\AppData\Roaming\npm-cache\dde74ad3-jw-simple.lock
17 silly addNameRange { name: 'jw-simple', range: '*', hasData: false }
18 verbose request where is /jw-simple
19 verbose request registry https://registry.npmjs.org/
20 verbose request id 8c98c632f8ea0ba0
21 verbose url raw /jw-simple
22 verbose url resolving [ 'https://registry.npmjs.org/', './jw-simple' ]
23 verbose url resolved https://registry.npmjs.org/jw-simple
24 verbose request where is https://registry.npmjs.org/jw-simple
25 info trying registry request attempt 1 at 22:55:38
26 http GET https://registry.npmjs.org/jw-simple
27 http 404 https://registry.npmjs.org/jw-simple
28 verbose headers { date: 'Mon, 06 Apr 2015 03:55:41 GMT',
28 verbose headers   server: 'CouchDB/1.5.0 (Erlang OTP/R16B03)',
28 verbose headers   'content-type': 'application/json',
28 verbose headers   'cache-control': 'max-age=0',
28 verbose headers   'content-length': '51',
28 verbose headers   'accept-ranges': 'bytes',
28 verbose headers   via: '1.1 varnish',
28 verbose headers   age: '0',
28 verbose headers   'x-served-by': 'cache-dfw1830-DFW',
28 verbose headers   'x-cache': 'MISS',
28 verbose headers   'x-cache-hits': '0',
28 verbose headers   'x-timer': 'S1428292540.956688,VS0,VE260',
28 verbose headers   'keep-alive': 'timeout=10, max=50',
28 verbose headers   connection: 'Keep-Alive' }
29 silly registry.get cb [ 404,
29 silly registry.get   { date: 'Mon, 06 Apr 2015 03:55:41 GMT',
29 silly registry.get     server: 'CouchDB/1.5.0 (Erlang OTP/R16B03)',
29 silly registry.get     'content-type': 'application/json',
29 silly registry.get     'cache-control': 'max-age=0',
29 silly registry.get     'content-length': '51',
29 silly registry.get     'accept-ranges': 'bytes',
29 silly registry.get     via: '1.1 varnish',
29 silly registry.get     age: '0',
29 silly registry.get     'x-served-by': 'cache-dfw1830-DFW',
29 silly registry.get     'x-cache': 'MISS',
29 silly registry.get     'x-cache-hits': '0',
29 silly registry.get     'x-timer': 'S1428292540.956688,VS0,VE260',
29 silly registry.get     'keep-alive': 'timeout=10, max=50',
29 silly registry.get     connection: 'Keep-Alive' } ]
30 silly lockFile dde74ad3-jw-simple jw-simple@
31 silly lockFile dde74ad3-jw-simple jw-simple@
32 error 404 404 Not Found: jw-simple
32 error 404
32 error 404 'jw-simple' is not in the npm registry.
32 error 404 You should bug the author to publish it
32 error 404 It was specified as a dependency of 'ss2'
32 error 404
32 error 404 Note that you can also install from a
32 error 404 tarball, folder, or http url, or git url.
33 error System Windows_NT 6.2.9200
34 error command "C:\\Program Files (x86)\\nodejs\\\\node.exe" "C:\\Program Files (x86)\\nodejs\\node_modules\\npm\\bin\\npm-cli.js" "install" "jw-simple"
35 error cwd C:\Users\Nan\Documents\GitHub\SS
36 error node -v v0.10.32
37 error npm -v 1.4.28
38 error code E404
39 verbose exit [ 1, true ]
